INFO grizzly-http-server-0 com.rest.service.JwtSecurityRestExample - Authenticating User Credentials...
INFO grizzly-http-server-0 com.rest.security.JsonWebKeyRepo - Inside static initializer...
INFO grizzly-http-server-0 com.rest.security.JsonWebKeyRepo - PUBLIC KEY (1): {"kty":"RSA","kid":"1","n":"3bEmjt64fClJ_8jHvly1yeq23gjw8mh2hjYC3FF2pKdiBXDy28YoBYmbdbk0arvIlEycCjbO1s1R3qTldK5uh0Ltp4LJqzjV2SbwN9vJzuKKSl_4_hHsa9i2_IJL1eZC2drblx6KO_9JRBKMkHxaL6cZTt04Vw26bVVhc1idt3JXD6bXD52RzMAtIdWmboH8pz1f0CqdKmP3aVczFiGIZzm_UiYyk13ZOTcziXunHySYeMVGWQXlk0-85TVhQJnfcy8Cgy48ndgYEn3iDNIHheGktkX-KCmMITUikkyvel7g_IJwVt-zzJ8FhE5qOKDw6Wdx-BUCFJ3EK6vbLuVyCQ","e":"AQAB"}
INFO grizzly-http-server-0 com.rest.security.JsonWebKeyRepo - PUBLIC KEY (2): {"kty":"RSA","kid":"2","n":"kOtDk7_anX9HOMovYETJ6b9lOb-sBO_pgtdamat6oi24ngqkAA9kub4KxFAjswmfvqKE228Nt62msVZR4Z5LF3ylN1gShAZWp0sZ32aRUbBgEO7qghaJ_POHm2U0K4HVZ3I4tNNWd1jbnn81csKgW_0oy6tSd2oXt7veMKdtMvZWs0WO1nHV3qigzdwlU-KLvkahb-VkCeT5B5evLFoc19e0mz6O2C_xyUS12zmeRmPF9Gtc3DYyUFvJiBGJjmhBua0KtUmtiIoHNvlo9peeBW_qhUmRXWUzYf8HXstOd_vbo0sCguG1vseCrvXnz59uUe65m024cjICuTjSvhtyyQ","e":"AQAB"}
INFO grizzly-http-server-0 com.rest.security.JsonWebKeyRepo - PUBLIC KEY (3): {"kty":"RSA","kid":"3","n":"r057VDbBBIgKGHEbJwVloHdkOvUXG7pDT75Kyc1i7TnpnoHkSAZtLj9iuDxMRTHM3mu6Tj_nF8jhLrv9gdLz0CTujeCGdmbvef90DsL9ML9NkcvpWDiZthVeaeaJwoa3Mwldy3sMhi8sTvkWiknsXiyN_-aVmgnkLRUCQ24JGOu5B5OAxSxk3aCKAYQ7LH__GXcOjCo-KCvSGA48Cgkt1W5cRJ5xXwnyG0P_rrVYKPaYzMvAZeaOCne4G9diSS0Jh5B74N7k7pvslf_-89mhEiQo3uEYw5muThGy2QzasDLTf7Kr4wcyEBY-LnQgIRlaVVYi4GDr-1lwyrCZPR0Kzw","e":"AQAB"}
INFO grizzly-http-server-1 com.rest.service.JwtSecurityRestExample - Inside showAllItems...
INFO grizzly-http-server-1 com.rest.service.JwtSecurityRestExample - JWT validation succeeded! JWT Claims Set:{iss=avaldes.com, exp=1513085452, jti=Wm8RTCkiDGVNYtMAaR5Udw, iat=1513084852, nbf=1513084732, sub=admin005, roles=[ADMIN, CLIENT]}
INFO grizzly-http-server-0 com.rest.service.JwtSecurityRestExample - Authenticating User Credentials...
INFO grizzly-http-server-0 com.rest.service.JwtSecurityRestExample - Authenticating User Credentials...
INFO grizzly-http-server-0 com.rest.security.JsonWebKeyRepo - Inside static initializer...
INFO grizzly-http-server-0 com.rest.security.JsonWebKeyRepo - PUBLIC KEY (1): {"kty":"RSA","kid":"1","n":"xBwFnnyy1D-SFfDPaQHgxMVbzbPOGuQkAl80lf8blSJQ3RhsGz65QcQlBiUle8MxFTcaJ5CgJbtzBj5hJeM709j5n_NhMpqEeQr9Bh-01vlyO9Acud5GR1lhvk9jKJ3VPKysWDr1G-VNRjD4sd0ScdPyMQqsWM1vxKmvnv57CM85swdmO7R4IAg4TpkBTn2PgI3g9M01sctZlpwd_2dpWnh36ROqYuPo00Dw4iVUc9CJb-X1pPGXulPgdCcznl9NbOf7_M8h8IdqV8REaFLymC9aCAXR4YGk2Lrqsa0xfLVeYGJiKNsNaP8dYlfZqkEQX8PTtJS-CMiFLilcTwTEmQ","e":"AQAB"}
INFO grizzly-http-server-0 com.rest.security.JsonWebKeyRepo - PUBLIC KEY (2): {"kty":"RSA","kid":"2","n":"mB5zSS37HI8SHhgZoDs4GNGT0oOdujj0sycp0MMj0J0sy7tVwjq6Fj9-fFjeFk6CPpa54vAevSC2MvX1gh_wNwlinGUEJZazfiySJtrCxNVSSbsevUo4dCJFouqh-BOQFnb5DMxjCHOQe19yK7PtT1hC8CASZ3cyCviD5ZlVpfZqb4-IoElFoxhlhYUzgleJmHkGoWnXG085pVmZpKjabfPvwu2I4siI_J81fuzBXBa8CicZ7z1l8PITAIuaB5IuQdt92pKHgRESHXa0LzalwVrCLBXKRwN3uR3Y0MPvBDLdOIbaeBl8WHfO6KdUaoZUBdWYizrUSdNFSlsLfzL-4w","e":"AQAB"}
INFO grizzly-http-server-0 com.rest.security.JsonWebKeyRepo - PUBLIC KEY (3): {"kty":"RSA","kid":"3","n":"sxyicOrGUukNkGREHI5wYQR3LEMjWr5gAYZbZmj165x22Rm4n3w-k8EHz6UwfDP8r6tgQdPhE0WlwxdpzDBTv-Hbt1IFxEs_W9-WyQ_SsCAxZeXC7HAglKwy1rleJLnJr3tVE4tR4U7AKa6GEWTdIfwaZpMjf4LAzASN0I5TW_MzLrgO2S8n8J9c1i9OaXDw9kjDQQhR3EvPVr_KikLbZcQtDWG8yXMl2DD-0prnxj44IgpvsPvIujCmh3jVS98TXImaZSa58ZDb0LoBoQ6pOk5E0dvh_INeyxXNEgDjgiEmOdyqqWNk0Xov1SHup00pakReol5w-MQwxqqCHknx0Q","e":"AQAB"}
INFO grizzly-http-server-1 com.rest.service.JwtSecurityRestExample - Inside showAllItems...
INFO grizzly-http-server-1 com.rest.service.JwtSecurityRestExample - JWT validation succeeded! JWT Claims Set:{iss=avaldes.com, exp=1513085482, jti=c7AFikqtmzDNTQ3FbmQE_Q, iat=1513084882, nbf=1513084762, sub=admin005, roles=[ADMIN, CLIENT]}
INFO grizzly-http-server-0 com.rest.service.JwtSecurityRestExample - Authenticating User Credentials...
INFO grizzly-http-server-0 com.rest.service.JwtSecurityRestExample - Authenticating User Credentials...
INFO grizzly-http-server-0 com.rest.security.JsonWebKeyRepo - Inside static initializer...
INFO grizzly-http-server-0 com.rest.security.JsonWebKeyRepo - PUBLIC KEY (1): {"kty":"RSA","kid":"1","n":"4rYBzGe50vzkp1YzJ_UlQ7es0MFdrymDlPDJqdclmXKHBNDWl2qpi6pL6TzJg7xR_9AelAODy_cLMeENWmBQFYvq4FmeBTwUBjp4k_Abm2oPYRh7YS4Zdaj5n5ma8W5vEiuMHBxUzbx-kN3yVrAmcMjVml-tqxNg83ubtm0p_MIcZD4ArhMOX6OMvYULaG0gIEgt9ERySdgNS2BilCYus0swwSJRROKhfgaEbrNiLcKoL_rXdA13M-wsfj4K06_KcFm4Y4UgG76EVI0TMkWGFME_A2rTE5xI-b1koYl15Q7wy0p9ONfm7cClvIhfmSZvwRqZyv0yrNYjTKoF8YLZww","e":"AQAB"}
INFO grizzly-http-server-0 com.rest.security.JsonWebKeyRepo - PUBLIC KEY (2): {"kty":"RSA","kid":"2","n":"ndUv9GQ_kuDIiSKaB6BhLjrBCrzQtcK5T9Rku65K4CkKMkn4Vw-VYPbVRXYhixxaptSOebP0qticu-orsAXuqXtaM0Mm6_62vckjLIotf0MZstN5tp3yqn0x9aaiS_S2mP_YJDfuoaaME8q8tNuhgrMKVVFeComg-fFOYTeDtPgYDPhwvjw8gfVXjeCoHgWzQXHFXwZhsPpL3h2ktTkRQhEhvlbsBrb2yo-Dh_K2he2NdqRdBIlau7mwbXLeiVj0GcXtRvA57ir0ReVgNbvW5VgLs8tQe0m3pjQPxqTjaF478CFC3_vAYIar7oQp-83ywEfQk5GxG0PUEZKOryWV7w","e":"AQAB"}
INFO grizzly-http-server-0 com.rest.security.JsonWebKeyRepo - PUBLIC KEY (3): {"kty":"RSA","kid":"3","n":"huKXCGAA0dow4kA0861YUOfEXSznA25qf1YpIj4KoY1A9Lo0K4h3XbjSyFzYOsmV0hV85JFR0uuqgGeOo-6zl5VjAFb3m5RVr3Cam7DuuLqMjpYgYbIlHSVMrt1ZRHzTpeNgD4HrnkDHqhRGZgJqXY9xFwV5HtlIrDh1CnMTo_2eWphusI3F2fqAP7A4avGkeetLpWySx68xx0JkyMFZgO5_KZRcQ-XXjPsCaBXjM3LVQ2NgnfsLjD9y1c6h5x4VtiRSYPwTJ3ysW6g5XbtqzIeYfSzwIRkpr-eMyuDeiV2kD2mthS89158fK9XCstn6PYAJWcsJpURsjKRH2kTLGQ","e":"AQAB"}
INFO grizzly-http-server-1 com.rest.service.JwtSecurityRestExample - Inside showAllItems...
INFO grizzly-http-server-1 com.rest.service.JwtSecurityRestExample - JWT validation succeeded! JWT Claims Set:{iss=avaldes.com, exp=1513085759, jti=A24FlYL81Adl8xPYm8iw-Q, iat=1513085159, nbf=1513085039, sub=admin005, roles=[ADMIN, CLIENT]}
INFO grizzly-http-server-0 com.rest.service.JwtSecurityRestExample - Authenticating User Credentials...
